Reading netlist file: "/home/javastral/GIT/UNAL/RFFT-Scope-FPGA/final/block1_2_fusion/impl/gwsynthesis/block1_2_fusion.vg"
Parsing netlist file "/home/javastral/GIT/UNAL/RFFT-Scope-FPGA/final/block1_2_fusion/impl/gwsynthesis/block1_2_fusion.vg" completed
Processing netlist completed
Reading constraint file: "/home/javastral/GIT/UNAL/RFFT-Scope-FPGA/final/src/rfft_block1_2.cst"
Physical Constraint parsed completed
Running placement......
[10%] Placement Phase 0 completed
[20%] Placement Phase 1 completed
[30%] Placement Phase 2 completed
WARN  (TA1132) :  'clk' was determined to be a clock but was not created.
[50%] Placement Phase 3 completed
Running routing......
[60%] Routing Phase 0 completed
[70%] Routing Phase 1 completed
[80%] Routing Phase 2 completed
[90%] Routing Phase 3 completed
Running timing analysis......
[95%] Timing analysis completed
Placement and routing completed
Bitstream generation in progress......
Bitstream generation completed
Running power analysis......
[100%] Power analysis completed
Generate file "/home/javastral/GIT/UNAL/RFFT-Scope-FPGA/final/block1_2_fusion/impl/pnr/block1_2_fusion.power.html" completed
Generate file "/home/javastral/GIT/UNAL/RFFT-Scope-FPGA/final/block1_2_fusion/impl/pnr/block1_2_fusion.pin.html" completed
Generate file "/home/javastral/GIT/UNAL/RFFT-Scope-FPGA/final/block1_2_fusion/impl/pnr/block1_2_fusion.rpt.html" completed
Generate file "/home/javastral/GIT/UNAL/RFFT-Scope-FPGA/final/block1_2_fusion/impl/pnr/block1_2_fusion.rpt.txt" completed
Generate file "/home/javastral/GIT/UNAL/RFFT-Scope-FPGA/final/block1_2_fusion/impl/pnr/block1_2_fusion.sdf" completed
Generate file "/home/javastral/GIT/UNAL/RFFT-Scope-FPGA/final/block1_2_fusion/impl/pnr/block1_2_fusion.vo" completed
Generate file "/home/javastral/GIT/UNAL/RFFT-Scope-FPGA/final/block1_2_fusion/impl/pnr/block1_2_fusion.tr.html" completed
Generate file "/home/javastral/GIT/UNAL/RFFT-Scope-FPGA/final/block1_2_fusion/impl/pnr/block1_2_fusion.tr" completed
Generate file "/home/javastral/GIT/UNAL/RFFT-Scope-FPGA/final/block1_2_fusion/impl/pnr/block1_2_fusion.posp" completed
Wed Jun 10 16:53:23 2026

