GowinSynthesis start
Running parser ...
Analyzing Verilog file '/home/javastral/GIT/UNAL/RFFT-Scope-FPGA/examples/sin_lcd/src/gowin_rpll/pll_40m.v'
Analyzing Verilog file '/home/javastral/GIT/UNAL/RFFT-Scope-FPGA/examples/sin_lcd/src/lcd_ctrl.v'
Analyzing Verilog file '/home/javastral/GIT/UNAL/RFFT-Scope-FPGA/examples/sin_lcd/src/lcd_data.v'
Analyzing Verilog file '/home/javastral/GIT/UNAL/RFFT-Scope-FPGA/examples/sin_lcd/src/top.v'
Undeclared symbol 'clk_out', assumed default net type 'wire'("/home/javastral/GIT/UNAL/RFFT-Scope-FPGA/examples/sin_lcd/src/top.v":18)
Compiling module 'top'("/home/javastral/GIT/UNAL/RFFT-Scope-FPGA/examples/sin_lcd/src/top.v":1)
Compiling module 'pll_40m'("/home/javastral/GIT/UNAL/RFFT-Scope-FPGA/examples/sin_lcd/src/gowin_rpll/pll_40m.v":9)
Compiling module 'lcd_ctrl'("/home/javastral/GIT/UNAL/RFFT-Scope-FPGA/examples/sin_lcd/src/lcd_ctrl.v":12)
WARN  (EX3791) : Expression size 32 truncated to fit in target size 12("/home/javastral/GIT/UNAL/RFFT-Scope-FPGA/examples/sin_lcd/src/lcd_ctrl.v":128)
WARN  (EX3791) : Expression size 32 truncated to fit in target size 12("/home/javastral/GIT/UNAL/RFFT-Scope-FPGA/examples/sin_lcd/src/lcd_ctrl.v":129)
Compiling module 'lcd_data'("/home/javastral/GIT/UNAL/RFFT-Scope-FPGA/examples/sin_lcd/src/lcd_data.v":3)
Extracting RAM for identifier 'sin_lut'("/home/javastral/GIT/UNAL/RFFT-Scope-FPGA/examples/sin_lcd/src/lcd_data.v":20)
NOTE  (EX0101) : Current top module is "top"
[5%] Running netlist conversion ...
Running device independent optimization ...
[10%] Optimizing Phase 0 completed
[15%] Optimizing Phase 1 completed
[25%] Optimizing Phase 2 completed
Running inference ...
[30%] Inferring Phase 0 completed
[40%] Inferring Phase 1 completed
[50%] Inferring Phase 2 completed
[55%] Inferring Phase 3 completed
Running technical mapping ...
[60%] Tech-Mapping Phase 0 completed
[65%] Tech-Mapping Phase 1 completed
[75%] Tech-Mapping Phase 2 completed
[80%] Tech-Mapping Phase 3 completed
[90%] Tech-Mapping Phase 4 completed
[95%] Generate netlist file "/home/javastral/GIT/UNAL/RFFT-Scope-FPGA/examples/sin_lcd/impl/gwsynthesis/sin_rgb.vg" completed
[100%] Generate report file "/home/javastral/GIT/UNAL/RFFT-Scope-FPGA/examples/sin_lcd/impl/gwsynthesis/sin_rgb_syn.rpt.html" completed
GowinSynthesis finish
