GowinSynthesis start
Running parser ...
Analyzing Verilog file '/home/javastral/GIT/UNAL/RFFT-Scope-FPGA/final/src/block1/uart_rx.v'
Analyzing Verilog file '/home/javastral/GIT/UNAL/RFFT-Scope-FPGA/final/src/block1/sample_fifo.v'
Analyzing Verilog file '/home/javastral/GIT/UNAL/RFFT-Scope-FPGA/final/src/block1/sample_buffer.v'
Analyzing Verilog file '/home/javastral/GIT/UNAL/RFFT-Scope-FPGA/final/src/block1/pack_real_to_complex.v'
Analyzing Verilog file '/home/javastral/GIT/UNAL/RFFT-Scope-FPGA/final/src/block1/block1_top.v'
Analyzing Verilog file '/home/javastral/GIT/UNAL/RFFT-Scope-FPGA/final/src/block1/block1_i2s_top.v'
Analyzing Verilog file '/home/javastral/GIT/UNAL/RFFT-Scope-FPGA/final/src/block2/bit_reverse.v'
Analyzing Verilog file '/home/javastral/GIT/UNAL/RFFT-Scope-FPGA/final/src/block2/dual_port_ram_buffer.v'
Analyzing Verilog file '/home/javastral/GIT/UNAL/RFFT-Scope-FPGA/final/src/block2/permutation_controller.v'
Analyzing Verilog file '/home/javastral/GIT/UNAL/RFFT-Scope-FPGA/final/src/block2/block2_memory_bitreverse_top.v'
Analyzing Verilog file '/home/javastral/GIT/UNAL/RFFT-Scope-FPGA/final/src/rfft_block1_2_top.v'
Compiling module 'rfft_block1_2_top'("/home/javastral/GIT/UNAL/RFFT-Scope-FPGA/final/src/rfft_block1_2_top.v":15)
Compiling module 'block1_i2s_top'("/home/javastral/GIT/UNAL/RFFT-Scope-FPGA/final/src/block1/block1_i2s_top.v":4)
Compiling module 'uart_rx'("/home/javastral/GIT/UNAL/RFFT-Scope-FPGA/final/src/block1/uart_rx.v":12)
WARN  (EX3791) : Expression size 5 truncated to fit in target size 4("/home/javastral/GIT/UNAL/RFFT-Scope-FPGA/final/src/block1/uart_rx.v":83)
Compiling module 'block1_top'("/home/javastral/GIT/UNAL/RFFT-Scope-FPGA/final/src/block1/block1_top.v":3)
Compiling module 'sample_fifo'("/home/javastral/GIT/UNAL/RFFT-Scope-FPGA/final/src/block1/sample_fifo.v":3)
Extracting RAM for identifier 'mem'("/home/javastral/GIT/UNAL/RFFT-Scope-FPGA/final/src/block1/sample_fifo.v":23)
Compiling module 'sample_buffer'("/home/javastral/GIT/UNAL/RFFT-Scope-FPGA/final/src/block1/sample_buffer.v":3)
Extracting RAM for identifier 'mem0_even'("/home/javastral/GIT/UNAL/RFFT-Scope-FPGA/final/src/block1/sample_buffer.v":29)
Extracting RAM for identifier 'mem0_odd'("/home/javastral/GIT/UNAL/RFFT-Scope-FPGA/final/src/block1/sample_buffer.v":30)
Extracting RAM for identifier 'mem1_even'("/home/javastral/GIT/UNAL/RFFT-Scope-FPGA/final/src/block1/sample_buffer.v":33)
Extracting RAM for identifier 'mem1_odd'("/home/javastral/GIT/UNAL/RFFT-Scope-FPGA/final/src/block1/sample_buffer.v":34)
Compiling module 'pack_real_to_complex'("/home/javastral/GIT/UNAL/RFFT-Scope-FPGA/final/src/block1/pack_real_to_complex.v":3)
Compiling module 'block2_memory_bitreverse_top'("/home/javastral/GIT/UNAL/RFFT-Scope-FPGA/final/src/block2/block2_memory_bitreverse_top.v":16)
Compiling module 'permutation_controller'("/home/javastral/GIT/UNAL/RFFT-Scope-FPGA/final/src/block2/permutation_controller.v":16)
Compiling module 'bit_reverse'("/home/javastral/GIT/UNAL/RFFT-Scope-FPGA/final/src/block2/bit_reverse.v":14)
Compiling module 'dual_port_ram_buffer'("/home/javastral/GIT/UNAL/RFFT-Scope-FPGA/final/src/block2/dual_port_ram_buffer.v":23)
Extracting RAM for identifier 'mem_real'("/home/javastral/GIT/UNAL/RFFT-Scope-FPGA/final/src/block2/dual_port_ram_buffer.v":43)
Extracting RAM for identifier 'mem_imag'("/home/javastral/GIT/UNAL/RFFT-Scope-FPGA/final/src/block2/dual_port_ram_buffer.v":44)
NOTE  (EX0101) : Current top module is "rfft_block1_2_top"
[5%] Running netlist conversion ...
Running device independent optimization ...
[10%] Optimizing Phase 0 completed
[15%] Optimizing Phase 1 completed
[25%] Optimizing Phase 2 completed
Running inference ...
[30%] Inferring Phase 0 completed
[40%] Inferring Phase 1 completed
[50%] Inferring Phase 2 completed
[55%] Inferring Phase 3 completed
Running technical mapping ...
[60%] Tech-Mapping Phase 0 completed
[65%] Tech-Mapping Phase 1 completed
[75%] Tech-Mapping Phase 2 completed
[80%] Tech-Mapping Phase 3 completed
[90%] Tech-Mapping Phase 4 completed
WARN  (NL0002) : The module "bit_reverse" instantiated to "u_bit_reverse" is swept in optimizing("/home/javastral/GIT/UNAL/RFFT-Scope-FPGA/final/src/block2/permutation_controller.v":85)
[95%] Generate netlist file "/home/javastral/GIT/UNAL/RFFT-Scope-FPGA/final/block1_2_fusion/impl/gwsynthesis/block1_2_fusion.vg" completed
[100%] Generate report file "/home/javastral/GIT/UNAL/RFFT-Scope-FPGA/final/block1_2_fusion/impl/gwsynthesis/block1_2_fusion_syn.rpt.html" completed
GowinSynthesis finish
